current directory: /home/vagrant/sachool-engineering-blog/vender/bundle/ruby/2.3.0/gems/rjb-1.5.4/ext
/home/vagrant/.rbenv/versions/2.3.0/bin/ruby -r ./siteconf20160602-32484-12q2d06.rb extconf.rb
*** extconf.rb failed ***
Could not create Makefile due to some reason, probably lack of necessary
libraries and/or headers.  Check the mkmf.log file for more details.  You may
need configuration options.

Provided configuration options:
	--with-opt-dir
	--without-opt-dir
	--with-opt-include
	--without-opt-include=${opt-dir}/include
	--with-opt-lib
	--without-opt-lib=${opt-dir}/lib
	--with-make-prog
	--without-make-prog
	--srcdir=.
	--curdir
	--ruby=/home/vagrant/.rbenv/versions/2.3.0/bin/$(RUBY_BASE_NAME)
extconf.rb:39:in `<main>': JAVA_HOME is not directory. (RuntimeError)

extconf failed, exit code 1
