current directory: /home/vagrant/sachool-engineering-blog/vender/bundle/ruby/2.3.0/gems/rdiscount-2.1.8/ext
/home/vagrant/.rbenv/versions/2.3.0/bin/ruby -r ./siteconf20160602-3724-1umpylg.rb extconf.rb
checking for random()... yes
checking for srandom()... yes
checking for rand()... yes
checking for srand()... yes
checking size of unsigned long... 8
checking size of unsigned int... 4
checking size of unsigned int... 4
creating Makefile

To see why this extension failed to compile, please check the mkmf.log which can be found here:

  /home/vagrant/sachool-engineering-blog/vender/bundle/ruby/2.3.0/extensions/x86_64-linux/2.3.0-static/rdiscount-2.1.8/mkmf.log

current directory: /home/vagrant/sachool-engineering-blog/vender/bundle/ruby/2.3.0/gems/rdiscount-2.1.8/ext
make "DESTDIR=" clean

current directory: /home/vagrant/sachool-engineering-blog/vender/bundle/ruby/2.3.0/gems/rdiscount-2.1.8/ext
make "DESTDIR="
compiling toc.c
toc.c: In function ‘mkd_toc’:
toc.c:45: 警告: passing argument 2 of ‘Csprintf’ discards qualifiers from pointer target type
cstring.h:73: note: expected ‘char *’ but argument is of type ‘const char *’
toc.c:47: 警告: passing argument 2 of ‘Csprintf’ discards qualifiers from pointer target type
cstring.h:73: note: expected ‘char *’ but argument is of type ‘const char *’
toc.c:52: 警告: passing argument 2 of ‘Csprintf’ discards qualifiers from pointer target type
cstring.h:73: note: expected ‘char *’ but argument is of type ‘const char *’
toc.c:54: 警告: passing argument 2 of ‘Csprintf’ discards qualifiers from pointer target type
cstring.h:73: note: expected ‘char *’ but argument is of type ‘const char *’
toc.c:57: 警告: passing argument 2 of ‘Csprintf’ discards qualifiers from pointer target type
cstring.h:73: note: expected ‘char *’ but argument is of type ‘const char *’
toc.c:59: 警告: passing argument 2 of ‘Csprintf’ discards qualifiers from pointer target type
cstring.h:73: note: expected ‘char *’ but argument is of type ‘const char *’
toc.c:62: 警告: passing argument 2 of ‘Csprintf’ discards qualifiers from pointer target type
cstring.h:73: note: expected ‘char *’ but argument is of type ‘const char *’
toc.c:66: 警告: passing argument 2 of ‘Csprintf’ discards qualifiers from pointer target type
cstring.h:73: note: expected ‘char *’ but argument is of type ‘const char *’
toc.c:70: 警告: passing argument 2 of ‘Csprintf’ discards qualifiers from pointer target type
cstring.h:73: note: expected ‘char *’ but argument is of type ‘const char *’
toc.c:81: 警告: passing argument 2 of ‘Csprintf’ discards qualifiers from pointer target type
cstring.h:73: note: expected ‘char *’ but argument is of type ‘const char *’
compiling flags.c
flags.c:10: 警告: initialization discards qualifiers from pointer target type
flags.c:11: 警告: initialization discards qualifiers from pointer target type
flags.c:12: 警告: initialization discards qualifiers from pointer target type
flags.c:13: 警告: initialization discards qualifiers from pointer target type
flags.c:14: 警告: initialization discards qualifiers from pointer target type
flags.c:15: 警告: initialization discards qualifiers from pointer target type
flags.c:16: 警告: initialization discards qualifiers from pointer target type
flags.c:17: 警告: initialization discards qualifiers from pointer target type
flags.c:18: 警告: initialization discards qualifiers from pointer target type
flags.c:19: 警告: initialization discards qualifiers from pointer target type
flags.c:20: 警告: initialization discards qualifiers from pointer target type
flags.c:21: 警告: initialization discards qualifiers from pointer target type
flags.c:22: 警告: initialization discards qualifiers from pointer target type
flags.c:23: 警告: initialization discards qualifiers from pointer target type
flags.c:24: 警告: initialization discards qualifiers from pointer target type
flags.c:25: 警告: initialization discards qualifiers from pointer target type
flags.c:26: 警告: initialization discards qualifiers from pointer target type
flags.c:27: 警告: initialization discards qualifiers from pointer target type
flags.c:28: 警告: initialization discards qualifiers from pointer target type
flags.c:29: 警告: initialization discards qualifiers from pointer target type
flags.c:30: 警告: initialization discards qualifiers from pointer target type
flags.c:31: 警告: initialization discards qualifiers from pointer target type
flags.c:32: 警告: initialization discards qualifiers from pointer target type
flags.c: In function ‘mkd_flags_are’:
flags.c:46: 警告: 符合付きと符合無しの整数式同士の比較です
compiling version.c
compiling setup.c
compiling markdown.c
markdown.c:107: 警告: initialization discards qualifiers from pointer target type
markdown.c: In function ‘quoteblock’:
markdown.c:813: 警告: initialization discards qualifiers from pointer target type
markdown.c:821: 警告: assignment discards qualifiers from pointer target type
compiling amalloc.c
compiling pgm_options.c
pgm_options.c:32: 警告: initialization discards qualifiers from pointer target type
pgm_options.c:32: 警告: initialization discards qualifiers from pointer target type
pgm_options.c:33: 警告: initialization discards qualifiers from pointer target type
pgm_options.c:33: 警告: initialization discards qualifiers from pointer target type
pgm_options.c:34: 警告: initialization discards qualifiers from pointer target type
pgm_options.c:34: 警告: initialization discards qualifiers from pointer target type
pgm_options.c:35: 警告: initialization discards qualifiers from pointer target type
pgm_options.c:35: 警告: initialization discards qualifiers from pointer target type
pgm_options.c:36: 警告: initialization discards qualifiers from pointer target type
pgm_options.c:36: 警告: initialization discards qualifiers from pointer target type
pgm_options.c:37: 警告: initialization discards qualifiers from pointer target type
pgm_options.c:37: 警告: initialization discards qualifiers from pointer target type
pgm_options.c:38: 警告: initialization discards qualifiers from pointer target type
pgm_options.c:38: 警告: initialization discards qualifiers from pointer target type
pgm_options.c:39: 警告: initialization discards qualifiers from pointer target type
pgm_options.c:39: 警告: initialization discards qualifiers from pointer target type
pgm_options.c:40: 警告: initialization discards qualifiers from pointer target type
pgm_options.c:40: 警告: initialization discards qualifiers from pointer target type
pgm_options.c:41: 警告: initialization discards qualifiers from pointer target type
pgm_options.c:41: 警告: initialization discards qualifiers from pointer target type
pgm_options.c:42: 警告: initialization discards qualifiers from pointer target type
pgm_options.c:42: 警告: initialization discards qualifiers from pointer target type
pgm_options.c:43: 警告: initialization discards qualifiers from pointer target type
pgm_options.c:43: 警告: initialization discards qualifiers from pointer target type
pgm_options.c:44: 警告: initialization discards qualifiers from pointer target type
pgm_options.c:44: 警告: initialization discards qualifiers from pointer target type
pgm_options.c:45: 警告: initialization discards qualifiers from pointer target type
pgm_options.c:45: 警告: initialization discards qualifiers from pointer target type
pgm_options.c:46: 警告: initialization discards qualifiers from pointer target type
pgm_options.c:46: 警告: initialization discards qualifiers from pointer target type
pgm_options.c:47: 警告: initialization discards qualifiers from pointer target type
pgm_options.c:47: 警告: initialization discards qualifiers from pointer target type
pgm_options.c:48: 警告: initialization discards qualifiers from pointer target type
pgm_options.c:48: 警告: initialization discards qualifiers from pointer target type
pgm_options.c:49: 警告: initialization discards qualifiers from pointer target type
pgm_options.c:49: 警告: initialization discards qualifiers from pointer target type
pgm_options.c:50: 警告: initialization discards qualifiers from pointer target type
pgm_options.c:50: 警告: initialization discards qualifiers from pointer target type
pgm_options.c:51: 警告: initialization discards qualifiers from pointer target type
pgm_options.c:51: 警告: initialization discards qualifiers from pointer target type
pgm_options.c:52: 警告: initialization discards qualifiers from pointer target type
pgm_options.c:52: 警告: initialization discards qualifiers from pointer target type
pgm_options.c:53: 警告: initialization discards qualifiers from pointer target type
pgm_options.c:53: 警告: initialization discards qualifiers from pointer target type
pgm_options.c:54: 警告: initialization discards qualifiers from pointer target type
pgm_options.c:54: 警告: initialization discards qualifiers from pointer target type
pgm_options.c:55: 警告: initialization discards qualifiers from pointer target type
pgm_options.c:55: 警告: initialization discards qualifiers from pointer target type
pgm_options.c:56: 警告: initialization discards qualifiers from pointer target type
pgm_options.c:56: 警告: initialization discards qualifiers from pointer target type
pgm_options.c:57: 警告: initialization discards qualifiers from pointer target type
pgm_options.c:57: 警告: initialization discards qualifiers from pointer target type
pgm_options.c: In function ‘show_flags’:
pgm_options.c:86: 警告: 符合付きと符合無しの整数式同士の比較です
pgm_options.c:93: 警告: 符合付きと符合無しの整数式同士の比較です
pgm_options.c: In function ‘set_flag’:
pgm_options.c:121: 警告: 符合付きと符合無しの整数式同士の比較です
pgm_options.c:125: 警告: 符合付きと符合無しの整数式同士の比較です
compiling docheader.c
compiling html5.c
html5.c: In function ‘mkd_with_html5_tags’:
html5.c:13: 警告: passing argument 1 of ‘mkd_define_tag’ discards qualifiers from pointer target type
tags.h:17: note: expected ‘char *’ but argument is of type ‘const char *’
html5.c:14: 警告: passing argument 1 of ‘mkd_define_tag’ discards qualifiers from pointer target type
tags.h:17: note: expected ‘char *’ but argument is of type ‘const char *’
html5.c:15: 警告: passing argument 1 of ‘mkd_define_tag’ discards qualifiers from pointer target type
tags.h:17: note: expected ‘char *’ but argument is of type ‘const char *’
html5.c:16: 警告: passing argument 1 of ‘mkd_define_tag’ discards qualifiers from pointer target type
tags.h:17: note: expected ‘char *’ but argument is of type ‘const char *’
html5.c:17: 警告: passing argument 1 of ‘mkd_define_tag’ discards qualifiers from pointer target type
tags.h:17: note: expected ‘char *’ but argument is of type ‘const char *’
html5.c:18: 警告: passing argument 1 of ‘mkd_define_tag’ discards qualifiers from pointer target type
tags.h:17: note: expected ‘char *’ but argument is of type ‘const char *’
html5.c:19: 警告: passing argument 1 of ‘mkd_define_tag’ discards qualifiers from pointer target type
tags.h:17: note: expected ‘char *’ but argument is of type ‘const char *’
compiling xml.c
xml.c: In function ‘mkd_xmlchar’:
xml.c:26: 警告: return discards qualifiers from pointer target type
xml.c:27: 警告: return discards qualifiers from pointer target type
xml.c:28: 警告: return discards qualifiers from pointer target type
xml.c:29: 警告: return discards qualifiers from pointer target type
xml.c:30: 警告: return discards qualifiers from pointer target type
xml.c:33: 警告: return discards qualifiers from pointer target type
compiling github_flavoured.c
compiling rdiscount.c
rdiscount.c:22: 警告: initialization discards qualifiers from pointer target type
rdiscount.c:23: 警告: initialization discards qualifiers from pointer target type
rdiscount.c:24: 警告: initialization discards qualifiers from pointer target type
rdiscount.c:25: 警告: initialization discards qualifiers from pointer target type
rdiscount.c:26: 警告: initialization discards qualifiers from pointer target type
rdiscount.c:27: 警告: initialization discards qualifiers from pointer target type
rdiscount.c:28: 警告: initialization discards qualifiers from pointer target type
rdiscount.c:29: 警告: initialization discards qualifiers from pointer target type
rdiscount.c:30: 警告: initialization discards qualifiers from pointer target type
rdiscount.c:31: 警告: initialization discards qualifiers from pointer target type
rdiscount.c:32: 警告: initialization discards qualifiers from pointer target type
rdiscount.c:33: 警告: initialization discards qualifiers from pointer target type
rdiscount.c: In function ‘rb_rdiscount_to_html’:
rdiscount.c:50: 警告: implicit declaration of function ‘rb_rdiscount__get_flags’
rdiscount.c:50: 警告: ISO C90 forbids mixed declarations and code
rdiscount.c:63: 警告: ISO C90 forbids mixed declarations and code
rdiscount.c: In function ‘rb_rdiscount_toc_content’:
rdiscount.c:100: 警告: ISO C90 forbids mixed declarations and code
compiling Csio.c
compiling mkdio.c
compiling xmlpage.c
compiling resource.c
compiling tags.c
In file included from tags.c:15:
blocktags:2: 警告: initialization discards qualifiers from pointer target type
blocktags:3: 警告: initialization discards qualifiers from pointer target type
blocktags:4: 警告: initialization discards qualifiers from pointer target type
blocktags:5: 警告: initialization discards qualifiers from pointer target type
blocktags:6: 警告: initialization discards qualifiers from pointer target type
blocktags:7: 警告: initialization discards qualifiers from pointer target type
blocktags:8: 警告: initialization discards qualifiers from pointer target type
blocktags:9: 警告: initialization discards qualifiers from pointer target type
blocktags:10: 警告: initialization discards qualifiers from pointer target type
blocktags:11: 警告: initialization discards qualifiers from pointer target type
blocktags:12: 警告: initialization discards qualifiers from pointer target type
blocktags:13: 警告: initialization discards qualifiers from pointer target type
blocktags:14: 警告: initialization discards qualifiers from pointer target type
blocktags:15: 警告: initialization discards qualifiers from pointer target type
blocktags:16: 警告: initialization discards qualifiers from pointer target type
blocktags:17: 警告: initialization discards qualifiers from pointer target type
blocktags:18: 警告: initialization discards qualifiers from pointer target type
blocktags:19: 警告: initialization discards qualifiers from pointer target type
blocktags:20: 警告: initialization discards qualifiers from pointer target type
blocktags:21: 警告: initialization discards qualifiers from pointer target type
blocktags:22: 警告: initialization discards qualifiers from pointer target type
blocktags:23: 警告: initialization discards qualifiers from pointer target type
blocktags:24: 警告: initialization discards qualifiers from pointer target type
blocktags:25: 警告: initialization discards qualifiers from pointer target type
blocktags:26: 警告: initialization discards qualifiers from pointer target type
blocktags:27: 警告: initialization discards qualifiers from pointer target type
blocktags:28: 警告: initialization discards qualifiers from pointer target type
blocktags:29: 警告: initialization discards qualifiers from pointer target type
blocktags:30: 警告: initialization discards qualifiers from pointer target type
compiling mktags.c
mktags.c:45: 警告: return type defaults to ‘int’
mktags.c: In function ‘main’:
mktags.c:51: 警告: passing argument 1 of ‘define_one_tag’ discards qualifiers from pointer target type
mktags.c:15: note: expected ‘char *’ but argument is of type ‘const char *’
mktags.c:52: 警告: passing argument 1 of ‘define_one_tag’ discards qualifiers from pointer target type
mktags.c:15: note: expected ‘char *’ but argument is of type ‘const char *’
mktags.c:53: 警告: passing argument 1 of ‘define_one_tag’ discards qualifiers from pointer target type
mktags.c:15: note: expected ‘char *’ but argument is of type ‘const char *’
mktags.c:54: 警告: passing argument 1 of ‘define_one_tag’ discards qualifiers from pointer target type
mktags.c:15: note: expected ‘char *’ but argument is of type ‘const char *’
mktags.c:55: 警告: passing argument 1 of ‘define_one_tag’ discards qualifiers from pointer target type
mktags.c:15: note: expected ‘char *’ but argument is of type ‘const char *’
mktags.c:56: 警告: passing argument 1 of ‘define_one_tag’ discards qualifiers from pointer target type
mktags.c:15: note: expected ‘char *’ but argument is of type ‘const char *’
mktags.c:57: 警告: passing argument 1 of ‘define_one_tag’ discards qualifiers from pointer target type
mktags.c:15: note: expected ‘char *’ but argument is of type ‘const char *’
mktags.c:58: 警告: passing argument 1 of ‘define_one_tag’ discards qualifiers from pointer target type
mktags.c:15: note: expected ‘char *’ but argument is of type ‘const char *’
mktags.c:59: 警告: passing argument 1 of ‘define_one_tag’ discards qualifiers from pointer target type
mktags.c:15: note: expected ‘char *’ but argument is of type ‘const char *’
mktags.c:60: 警告: passing argument 1 of ‘define_one_tag’ discards qualifiers from pointer target type
mktags.c:15: note: expected ‘char *’ but argument is of type ‘const char *’
mktags.c:61: 警告: passing argument 1 of ‘define_one_tag’ discards qualifiers from pointer target type
mktags.c:15: note: expected ‘char *’ but argument is of type ‘const char *’
mktags.c:62: 警告: passing argument 1 of ‘define_one_tag’ discards qualifiers from pointer target type
mktags.c:15: note: expected ‘char *’ but argument is of type ‘const char *’
mktags.c:63: 警告: passing argument 1 of ‘define_one_tag’ discards qualifiers from pointer target type
mktags.c:15: note: expected ‘char *’ but argument is of type ‘const char *’
mktags.c:64: 警告: passing argument 1 of ‘define_one_tag’ discards qualifiers from pointer target type
mktags.c:15: note: expected ‘char *’ but argument is of type ‘const char *’
mktags.c:65: 警告: passing argument 1 of ‘define_one_tag’ discards qualifiers from pointer target type
mktags.c:15: note: expected ‘char *’ but argument is of type ‘const char *’
mktags.c:66: 警告: passing argument 1 of ‘define_one_tag’ discards qualifiers from pointer target type
mktags.c:15: note: expected ‘char *’ but argument is of type ‘const char *’
mktags.c:67: 警告: passing argument 1 of ‘define_one_tag’ discards qualifiers from pointer target type
mktags.c:15: note: expected ‘char *’ but argument is of type ‘const char *’
mktags.c:68: 警告: passing argument 1 of ‘define_one_tag’ discards qualifiers from pointer target type
mktags.c:15: note: expected ‘char *’ but argument is of type ‘const char *’
mktags.c:69: 警告: passing argument 1 of ‘define_one_tag’ discards qualifiers from pointer target type
mktags.c:15: note: expected ‘char *’ but argument is of type ‘const char *’
mktags.c:70: 警告: passing argument 1 of ‘define_one_tag’ discards qualifiers from pointer target type
mktags.c:15: note: expected ‘char *’ but argument is of type ‘const char *’
mktags.c:71: 警告: passing argument 1 of ‘define_one_tag’ discards qualifiers from pointer target type
mktags.c:15: note: expected ‘char *’ but argument is of type ‘const char *’
mktags.c:72: 警告: passing argument 1 of ‘define_one_tag’ discards qualifiers from pointer target type
mktags.c:15: note: expected ‘char *’ but argument is of type ‘const char *’
mktags.c:73: 警告: passing argument 1 of ‘define_one_tag’ discards qualifiers from pointer target type
mktags.c:15: note: expected ‘char *’ but argument is of type ‘const char *’
mktags.c:74: 警告: passing argument 1 of ‘define_one_tag’ discards qualifiers from pointer target type
mktags.c:15: note: expected ‘char *’ but argument is of type ‘const char *’
mktags.c:75: 警告: passing argument 1 of ‘define_one_tag’ discards qualifiers from pointer target type
mktags.c:15: note: expected ‘char *’ but argument is of type ‘const char *’
mktags.c:76: 警告: passing argument 1 of ‘define_one_tag’ discards qualifiers from pointer target type
mktags.c:15: note: expected ‘char *’ but argument is of type ‘const char *’
mktags.c:77: 警告: passing argument 1 of ‘define_one_tag’ discards qualifiers from pointer target type
mktags.c:15: note: expected ‘char *’ but argument is of type ‘const char *’
mktags.c:78: 警告: passing argument 1 of ‘define_one_tag’ discards qualifiers from pointer target type
mktags.c:15: note: expected ‘char *’ but argument is of type ‘const char *’
mktags.c:79: 警告: passing argument 1 of ‘define_one_tag’ discards qualifiers from pointer target type
mktags.c:15: note: expected ‘char *’ but argument is of type ‘const char *’
compiling emmatch.c
compiling generate.c
generate.c: In function ‘puturl’:
generate.c:268: 警告: passing argument 1 of ‘Qstring’ discards qualifiers from pointer target type
generate.c:149: note: expected ‘char *’ but argument is of type ‘const char *’
generate.c:270: 警告: passing argument 1 of ‘Qstring’ discards qualifiers from pointer target type
generate.c:149: note: expected ‘char *’ but argument is of type ‘const char *’
generate.c:272: 警告: passing argument 1 of ‘Qstring’ discards qualifiers from pointer target type
generate.c:149: note: expected ‘char *’ but argument is of type ‘const char *’
generate.c:276: 警告: passing argument 1 of ‘Qstring’ discards qualifiers from pointer target type
generate.c:149: note: expected ‘char *’ but argument is of type ‘const char *’
generate.c:278: 警告: passing argument 2 of ‘Qprintf’ discards qualifiers from pointer target type
generate.c:169: note: expected ‘char *’ but argument is of type ‘const char *’
generate.c: トップレベル:
generate.c:498: 警告: initialization discards qualifiers from pointer target type
generate.c:499: 警告: initialization discards qualifiers from pointer target type
generate.c:500: 警告: initialization discards qualifiers from pointer target type
generate.c:501: 警告: initialization discards qualifiers from pointer target type
generate.c: In function ‘isautoprefix’:
generate.c:513: 警告: 符合付きと符合無しの整数式同士の比較です
generate.c: トップレベル:
generate.c:537: 警告: initialization discards qualifiers from pointer target type
generate.c:537: 警告: initialization discards qualifiers from pointer target type
generate.c:538: 警告: initialization discards qualifiers from pointer target type
generate.c:538: 警告: initialization discards qualifiers from pointer target type
generate.c:539: 警告: initialization discards qualifiers from pointer target type
generate.c:539: 警告: initialization discards qualifiers from pointer target type
generate.c:540: 警告: initialization discards qualifiers from pointer target type
generate.c:540: 警告: initialization discards qualifiers from pointer target type
generate.c:550: 警告: initialization discards qualifiers from pointer target type
generate.c:550: 警告: initialization discards qualifiers from pointer target type
generate.c:550: 警告: initialization discards qualifiers from pointer target type
generate.c:550: 警告: initialization discards qualifiers from pointer target type
generate.c:550: 警告: initialization discards qualifiers from pointer target type
generate.c:551: 警告: initialization discards qualifiers from pointer target type
generate.c:552: 警告: initialization discards qualifiers from pointer target type
generate.c:552: 警告: initialization discards qualifiers from pointer target type
generate.c:552: 警告: initialization discards qualifiers from pointer target type
generate.c:552: 警告: initialization discards qualifiers from pointer target type
generate.c:552: 警告: initialization discards qualifiers from pointer target type
generate.c:553: 警告: initialization discards qualifiers from pointer target type
generate.c:553: 警告: initialization discards qualifiers from pointer target type
generate.c:553: 警告: initialization discards qualifiers from pointer target type
generate.c:553: 警告: initialization discards qualifiers from pointer target type
generate.c:553: 警告: initialization discards qualifiers from pointer target type
generate.c:554: 警告: initialization discards qualifiers from pointer target type
generate.c:554: 警告: initialization discards qualifiers from pointer target type
generate.c:554: 警告: initialization discards qualifiers from pointer target type
generate.c:554: 警告: initialization discards qualifiers from pointer target type
generate.c:554: 警告: initialization discards qualifiers from pointer target type
generate.c: In function ‘pseudo’:
generate.c:567: 警告: 符合付きと符合無しの整数式同士の比較です
generate.c: In function ‘p_or_nothing’:
generate.c:615: 警告: return discards qualifiers from pointer target type
generate.c: In function ‘extra_linky’:
generate.c:634: 警告: passing argument 2 of ‘Qprintf’ discards qualifiers from pointer target type
generate.c:169: note: expected ‘char *’ but argument is of type ‘const char *’
generate.c: In function ‘linkyformat’:
generate.c:673: 警告: passing argument 2 of ‘Qprintf’ discards qualifiers from pointer target type
generate.c:169: note: expected ‘char *’ but argument is of type ‘const char *’
generate.c:674: 警告: passing argument 2 of ‘Qprintf’ discards qualifiers from pointer target type
generate.c:169: note: expected ‘char *’ but argument is of type ‘const char *’
generate.c:678: 警告: passing argument 1 of ‘Qstring’ discards qualifiers from pointer target type
generate.c:149: note: expected ‘char *’ but argument is of type ‘const char *’
generate.c: In function ‘cputc’:
generate.c:773: 警告: passing argument 1 of ‘Qstring’ discards qualifiers from pointer target type
generate.c:149: note: expected ‘char *’ but argument is of type ‘const char *’
generate.c:774: 警告: passing argument 1 of ‘Qstring’ discards qualifiers from pointer target type
generate.c:149: note: expected ‘char *’ but argument is of type ‘const char *’
generate.c:775: 警告: passing argument 1 of ‘Qstring’ discards qualifiers from pointer target type
generate.c:149: note: expected ‘char *’ but argument is of type ‘const char *’
generate.c: In function ‘mangle’:
generate.c:791: 警告: passing argument 1 of ‘Qstring’ discards qualifiers from pointer target type
generate.c:149: note: expected ‘char *’ but argument is of type ‘const char *’
generate.c:792: 警告: passing argument 2 of ‘Qprintf’ discards qualifiers from pointer target type
generate.c:169: note: expected ‘char *’ but argument is of type ‘const char * const’
generate.c: In function ‘code’:
generate.c:856: 警告: passing argument 1 of ‘Qstring’ discards qualifiers from pointer target type
generate.c:149: note: expected ‘char *’ but argument is of type ‘const char *’
generate.c: In function ‘delspan’:
generate.c:869: 警告: passing argument 1 of ‘Qstring’ discards qualifiers from pointer target type
generate.c:149: note: expected ‘char *’ but argument is of type ‘const char *’
generate.c:871: 警告: passing argument 1 of ‘Qstring’ discards qualifiers from pointer target type
generate.c:149: note: expected ‘char *’ but argument is of type ‘const char *’
generate.c: In function ‘codespan’:
generate.c:886: 警告: passing argument 1 of ‘Qstring’ discards qualifiers from pointer target type
generate.c:149: note: expected ‘char *’ but argument is of type ‘const char *’
generate.c:888: 警告: passing argument 1 of ‘Qstring’ discards qualifiers from pointer target type
generate.c:149: note: expected ‘char *’ but argument is of type ‘const char *’
generate.c: In function ‘process_possible_link’:
generate.c:965: 警告: passing argument 1 of ‘Qstring’ discards qualifiers from pointer target type
generate.c:149: note: expected ‘char *’ but argument is of type ‘const char *’
generate.c:968: 警告: passing argument 1 of ‘mangle’ discards qualifiers from pointer target type
generate.c:785: note: expected ‘char *’ but argument is of type ‘const char *’
generate.c:971: 警告: passing argument 1 of ‘Qstring’ discards qualifiers from pointer target type
generate.c:149: note: expected ‘char *’ but argument is of type ‘const char *’
generate.c:973: 警告: passing argument 1 of ‘Qstring’ discards qualifiers from pointer target type
generate.c:149: note: expected ‘char *’ but argument is of type ‘const char *’
generate.c:980: 警告: passing argument 1 of ‘Qstring’ discards qualifiers from pointer target type
generate.c:149: note: expected ‘char *’ but argument is of type ‘const char *’
generate.c: In function ‘smartyquote’:
generate.c:1088: 警告: passing argument 2 of ‘Qprintf’ discards qualifiers from pointer target type
generate.c:169: note: expected ‘char *’ but argument is of type ‘const char *’
generate.c:1094: 警告: passing argument 2 of ‘Qprintf’ discards qualifiers from pointer target type
generate.c:169: note: expected ‘char *’ but argument is of type ‘const char *’
generate.c: トップレベル:
generate.c:1136: 警告: initialization discards qualifiers from pointer target type
generate.c:1136: 警告: initialization discards qualifiers from pointer target type
generate.c:1137: 警告: initialization discards qualifiers from pointer target type
generate.c:1137: 警告: initialization discards qualifiers from pointer target type
generate.c:1138: 警告: initialization discards qualifiers from pointer target type
generate.c:1138: 警告: initialization discards qualifiers from pointer target type
generate.c:1139: 警告: initialization discards qualifiers from pointer target type
generate.c:1139: 警告: initialization discards qualifiers from pointer target type
generate.c:1140: 警告: initialization discards qualifiers from pointer target type
generate.c:1140: 警告: initialization discards qualifiers from pointer target type
generate.c:1141: 警告: initialization discards qualifiers from pointer target type
generate.c:1141: 警告: initialization discards qualifiers from pointer target type
generate.c:1142: 警告: initialization discards qualifiers from pointer target type
generate.c:1142: 警告: initialization discards qualifiers from pointer target type
generate.c:1143: 警告: initialization discards qualifiers from pointer target type
generate.c:1143: 警告: initialization discards qualifiers from pointer target type
generate.c:1144: 警告: initialization discards qualifiers from pointer target type
generate.c:1144: 警告: initialization discards qualifiers from pointer target type
generate.c:1145: 警告: initialization discards qualifiers from pointer target type
generate.c:1145: 警告: initialization discards qualifiers from pointer target type
generate.c:1146: 警告: initialization discards qualifiers from pointer target type
generate.c:1146: 警告: initialization discards qualifiers from pointer target type
generate.c:1147: 警告: initialization discards qualifiers from pointer target type
generate.c:1147: 警告: initialization discards qualifiers from pointer target type
generate.c:1148: 警告: initialization discards qualifiers from pointer target type
generate.c:1148: 警告: initialization discards qualifiers from pointer target type
generate.c:1149: 警告: initialization discards qualifiers from pointer target type
generate.c:1149: 警告: initialization discards qualifiers from pointer target type
generate.c:1150: 警告: initialization discards qualifiers from pointer target type
generate.c:1150: 警告: initialization discards qualifiers from pointer target type
generate.c:1151: 警告: initialization discards qualifiers from pointer target type
generate.c:1151: 警告: initialization discards qualifiers from pointer target type
generate.c:1152: 警告: initialization discards qualifiers from pointer target type
generate.c:1152: 警告: initialization discards qualifiers from pointer target type
generate.c:1153: 警告: initialization discards qualifiers from pointer target type
generate.c:1153: 警告: initialization discards qualifiers from pointer target type
generate.c:1154: 警告: initialization discards qualifiers from pointer target type
generate.c:1154: 警告: initialization discards qualifiers from pointer target type
generate.c:1155: 警告: initialization discards qualifiers from pointer target type
generate.c: In function ‘smartypants’:
generate.c:1170: 警告: 符合付きと符合無しの整数式同士の比較です
generate.c:1173: 警告: passing argument 2 of ‘Qprintf’ discards qualifiers from pointer target type
generate.c:169: note: expected ‘char *’ but argument is of type ‘const char *’
generate.c:1195: 警告: passing argument 1 of ‘Qstring’ discards qualifiers from pointer target type
generate.c:149: note: expected ‘char *’ but argument is of type ‘const char *’
generate.c:1197: 警告: passing argument 1 of ‘Qstring’ discards qualifiers from pointer target type
generate.c:149: note: expected ‘char *’ but argument is of type ‘const char *’
generate.c: In function ‘text’:
generate.c:1263: 警告: passing argument 1 of ‘Qstring’ discards qualifiers from pointer target type
generate.c:149: note: expected ‘char *’ but argument is of type ‘const char * const’
generate.c:1267: 警告: passing argument 1 of ‘Qstring’ discards qualifiers from pointer target type
generate.c:149: note: expected ‘char *’ but argument is of type ‘const char *’
generate.c:1273: 警告: passing argument 1 of ‘Qstring’ discards qualifiers from pointer target type
generate.c:149: note: expected ‘char *’ but argument is of type ‘const char *’
generate.c:1281: 警告: passing argument 1 of ‘Qstring’ discards qualifiers from pointer target type
generate.c:149: note: expected ‘char *’ but argument is of type ‘const char *’
generate.c:1318: 警告: passing argument 1 of ‘Qstring’ discards qualifiers from pointer target type
generate.c:149: note: expected ‘char *’ but argument is of type ‘const char *’
generate.c:1319: 警告: passing argument 5 of ‘___mkd_reparse’ discards qualifiers from pointer target type
generate.c:200: note: expected ‘char *’ but argument is of type ‘const char *’
generate.c:1320: 警告: passing argument 1 of ‘Qstring’ discards qualifiers from pointer target type
generate.c:149: note: expected ‘char *’ but argument is of type ‘const char *’
generate.c:1357: 警告: passing argument 1 of ‘Qstring’ discards qualifiers from pointer target type
generate.c:149: note: expected ‘char *’ but argument is of type ‘const char *’
generate.c:1361: 警告: passing argument 1 of ‘Qstring’ discards qualifiers from pointer target type
generate.c:149: note: expected ‘char *’ but argument is of type ‘const char *’
generate.c:1402: 警告: passing argument 1 of ‘Qstring’ discards qualifiers from pointer target type
generate.c:149: note: expected ‘char *’ but argument is of type ‘const char *’
generate.c:1410: 警告: passing argument 1 of ‘Qstring’ discards qualifiers from pointer target type
generate.c:149: note: expected ‘char *’ but argument is of type ‘const char *’
generate.c: In function ‘printheader’:
generate.c:1441: 警告: passing argument 1 of ‘Qstring’ discards qualifiers from pointer target type
generate.c:149: note: expected ‘char *’ but argument is of type ‘const char *’
generate.c:1445: 警告: passing argument 1 of ‘Qstring’ discards qualifiers from pointer target type
generate.c:149: note: expected ‘char *’ but argument is of type ‘const char *’
generate.c:1447: 警告: passing argument 2 of ‘Qprintf’ discards qualifiers from pointer target type
generate.c:169: note: expected ‘char *’ but argument is of type ‘const char *’
generate.c:1451: 警告: passing argument 2 of ‘Qprintf’ discards qualifiers from pointer target type
generate.c:169: note: expected ‘char *’ but argument is of type ‘const char *’
generate.c: トップレベル:
generate.c:1457: 警告: initialization discards qualifiers from pointer target type
generate.c:1457: 警告: initialization discards qualifiers from pointer target type
generate.c:1458: 警告: initialization discards qualifiers from pointer target type
generate.c:1459: 警告: initialization discards qualifiers from pointer target type
generate.c: In function ‘splat’:
generate.c:1475: 警告: passing argument 1 of ‘Qstring’ discards qualifiers from pointer target type
generate.c:149: note: expected ‘char *’ but argument is of type ‘const char *’
generate.c:1489: 警告: passing argument 2 of ‘Qprintf’ discards qualifiers from pointer target type
generate.c:169: note: expected ‘char *’ but argument is of type ‘const char *’
generate.c:1490: 警告: passing argument 5 of ‘___mkd_reparse’ discards qualifiers from pointer target type
generate.c:200: note: expected ‘char *’ but argument is of type ‘const char *’
generate.c:1491: 警告: passing argument 2 of ‘Qprintf’ discards qualifiers from pointer target type
generate.c:169: note: expected ‘char *’ but argument is of type ‘const char *’
generate.c:1497: 警告: passing argument 2 of ‘Qprintf’ discards qualifiers from pointer target type
generate.c:169: note: expected ‘char *’ but argument is of type ‘const char *’
generate.c:1500: 警告: passing argument 1 of ‘Qstring’ discards qualifiers from pointer target type
generate.c:149: note: expected ‘char *’ but argument is of type ‘const char *’
generate.c: In function ‘printtable’:
generate.c:1552: 警告: passing argument 1 of ‘Qstring’ discards qualifiers from pointer target type
generate.c:149: note: expected ‘char *’ but argument is of type ‘const char *’
generate.c:1553: 警告: passing argument 1 of ‘Qstring’ discards qualifiers from pointer target type
generate.c:149: note: expected ‘char *’ but argument is of type ‘const char *’
generate.c:1554: 警告: passing argument 2 of ‘splat’ discards qualifiers from pointer target type
generate.c:1464: note: expected ‘char *’ but argument is of type ‘const char *’
generate.c:1555: 警告: passing argument 1 of ‘Qstring’ discards qualifiers from pointer target type
generate.c:149: note: expected ‘char *’ but argument is of type ‘const char *’
generate.c:1563: 警告: passing argument 1 of ‘Qstring’ discards qualifiers from pointer target type
generate.c:149: note: expected ‘char *’ but argument is of type ‘const char *’
generate.c:1565: 警告: passing argument 2 of ‘splat’ discards qualifiers from pointer target type
generate.c:1464: note: expected ‘char *’ but argument is of type ‘const char *’
generate.c:1566: 警告: passing argument 1 of ‘Qstring’ discards qualifiers from pointer target type
generate.c:149: note: expected ‘char *’ but argument is of type ‘const char *’
generate.c:1567: 警告: passing argument 1 of ‘Qstring’ discards qualifiers from pointer target type
generate.c:149: note: expected ‘char *’ but argument is of type ‘const char *’
generate.c: In function ‘printblock’:
generate.c:1578: 警告: initialization discards qualifiers from pointer target type
generate.c:1578: 警告: initialization discards qualifiers from pointer target type
generate.c:1578: 警告: initialization discards qualifiers from pointer target type
generate.c:1579: 警告: initialization discards qualifiers from pointer target type
generate.c:1579: 警告: initialization discards qualifiers from pointer target type
generate.c:1579: 警告: initialization discards qualifiers from pointer target type
generate.c: In function ‘printcode’:
generate.c:1611: 警告: passing argument 1 of ‘Qstring’ discards qualifiers from pointer target type
generate.c:149: note: expected ‘char *’ but argument is of type ‘const char *’
generate.c:1613: 警告: passing argument 1 of ‘Qstring’ discards qualifiers from pointer target type
generate.c:149: note: expected ‘char *’ but argument is of type ‘const char *’
generate.c:1615: 警告: passing argument 1 of ‘Qstring’ discards qualifiers from pointer target type
generate.c:149: note: expected ‘char *’ but argument is of type ‘const char *’
generate.c:1617: 警告: passing argument 1 of ‘Qstring’ discards qualifiers from pointer target type
generate.c:149: note: expected ‘char *’ but argument is of type ‘const char *’
generate.c:1629: 警告: passing argument 1 of ‘Qstring’ discards qualifiers from pointer target type
generate.c:149: note: expected ‘char *’ but argument is of type ‘const char *’
generate.c: In function ‘htmlify’:
generate.c:1656: 警告: passing argument 2 of ‘Qprintf’ discards qualifiers from pointer target type
generate.c:169: note: expected ‘char *’ but argument is of type ‘const char * const’
generate.c:1661: 警告: passing argument 1 of ‘Qstring’ discards qualifiers from pointer target type
generate.c:149: note: expected ‘char *’ but argument is of type ‘const char *’
generate.c:1665: 警告: passing argument 2 of ‘Qprintf’ discards qualifiers from pointer target type
generate.c:169: note: expected ‘char *’ but argument is of type ‘const char *’
generate.c: In function ‘definitionlist’:
generate.c:1676: 警告: passing argument 1 of ‘Qstring’ discards qualifiers from pointer target type
generate.c:149: note: expected ‘char *’ but argument is of type ‘const char *’
generate.c:1680: 警告: passing argument 1 of ‘Qstring’ discards qualifiers from pointer target type
generate.c:149: note: expected ‘char *’ but argument is of type ‘const char *’
generate.c:1682: 警告: passing argument 1 of ‘Qstring’ discards qualifiers from pointer target type
generate.c:149: note: expected ‘char *’ but argument is of type ‘const char *’
generate.c:1685: 警告: passing argument 2 of ‘htmlify’ discards qualifiers from pointer target type
generate.c:1652: note: expected ‘char *’ but argument is of type ‘const char *’
generate.c:1689: 警告: passing argument 1 of ‘Qstring’ discards qualifiers from pointer target type
generate.c:149: note: expected ‘char *’ but argument is of type ‘const char *’
generate.c: In function ‘listdisplay’:
generate.c:1698: 警告: passing argument 2 of ‘Qprintf’ discards qualifiers from pointer target type
generate.c:169: note: expected ‘char *’ but argument is of type ‘const char *’
generate.c:1700: 警告: passing argument 2 of ‘Qprintf’ discards qualifiers from pointer target type
generate.c:169: note: expected ‘char *’ but argument is of type ‘const char *’
generate.c:1701: 警告: passing argument 2 of ‘Qprintf’ discards qualifiers from pointer target type
generate.c:169: note: expected ‘char *’ but argument is of type ‘const char *’
generate.c:1704: 警告: passing argument 2 of ‘htmlify’ discards qualifiers from pointer target type
generate.c:1652: note: expected ‘char *’ but argument is of type ‘const char *’
generate.c:1708: 警告: passing argument 2 of ‘Qprintf’ discards qualifiers from pointer target type
generate.c:169: note: expected ‘char *’ but argument is of type ‘const char *’
generate.c: In function ‘display’:
generate.c:1734: 警告: passing argument 2 of ‘htmlify’ discards qualifiers from pointer target type
generate.c:1652: note: expected ‘char *’ but argument is of type ‘const char * const’
generate.c:1748: 警告: passing argument 1 of ‘Qstring’ discards qualifiers from pointer target type
generate.c:149: note: expected ‘char *’ but argument is of type ‘const char *’
generate.c: In function ‘mkd_extra_footnotes’:
generate.c:1782: 警告: passing argument 2 of ‘Csprintf’ discards qualifiers from pointer target type
cstring.h:73: note: expected ‘char *’ but argument is of type ‘const char *’
generate.c:1789: 警告: passing argument 2 of ‘Csprintf’ discards qualifiers from pointer target type
cstring.h:73: note: expected ‘char *’ but argument is of type ‘const char *’
generate.c:1792: 警告: passing argument 2 of ‘Csprintf’ discards qualifiers from pointer target type
cstring.h:73: note: expected ‘char *’ but argument is of type ‘const char *’
generate.c:1793: 警告: passing argument 2 of ‘Csprintf’ discards qualifiers from pointer target type
cstring.h:73: note: expected ‘char *’ but argument is of type ‘const char *’
generate.c:1797: 警告: passing argument 2 of ‘Csprintf’ discards qualifiers from pointer target type
cstring.h:73: note: expected ‘char *’ but argument is of type ‘const char *’
compiling css.c
compiling basename.c
compiling dumptree.c
dumptree.c: In function ‘Pptype’:
dumptree.c:23: 警告: return discards qualifiers from pointer target type
dumptree.c:24: 警告: return discards qualifiers from pointer target type
dumptree.c:25: 警告: return discards qualifiers from pointer target type
dumptree.c:26: 警告: return discards qualifiers from pointer target type
dumptree.c:27: 警告: return discards qualifiers from pointer target type
dumptree.c:28: 警告: return discards qualifiers from pointer target type
dumptree.c:29: 警告: return discards qualifiers from pointer target type
dumptree.c:30: 警告: return discards qualifiers from pointer target type
dumptree.c:31: 警告: return discards qualifiers from pointer target type
dumptree.c:32: 警告: return discards qualifiers from pointer target type
dumptree.c:33: 警告: return discards qualifiers from pointer target type
dumptree.c:34: 警告: return discards qualifiers from pointer target type
dumptree.c:35: 警告: return discards qualifiers from pointer target type
dumptree.c:36: 警告: return discards qualifiers from pointer target type
dumptree.c:37: 警告: return discards qualifiers from pointer target type
dumptree.c: In function ‘dumptree’:
dumptree.c:104: 警告: initialization discards qualifiers from pointer target type
dumptree.c:104: 警告: initialization discards qualifiers from pointer target type
linking shared-object rdiscount.so

current directory: /home/vagrant/sachool-engineering-blog/vender/bundle/ruby/2.3.0/gems/rdiscount-2.1.8/ext
make "DESTDIR=" install
/usr/bin/install -c -m 0755 rdiscount.so ./.gem.20160602-3724-hjsx09
