current directory: /home/vagrant/sachool-engineering-blog/vender/bundle/ruby/2.3.0/gems/fast-stemmer-1.0.2/ext
/home/vagrant/.rbenv/versions/2.3.0/bin/ruby -r ./siteconf20160602-3724-1cx0ll3.rb extconf.rb
creating Makefile

current directory: /home/vagrant/sachool-engineering-blog/vender/bundle/ruby/2.3.0/gems/fast-stemmer-1.0.2/ext
make "DESTDIR=" clean

current directory: /home/vagrant/sachool-engineering-blog/vender/bundle/ruby/2.3.0/gems/fast-stemmer-1.0.2/ext
make "DESTDIR="
compiling porter_wrap.c
porter_wrap.c: In function ‘stem_word’:
porter_wrap.c:20: 警告: unused variable ‘i’
compiling porter.c
porter.c: In function ‘step1ab’:
porter.c:233: 警告: passing argument 2 of ‘ends’ discards qualifiers from pointer target type
porter.c:182: note: expected ‘char *’ but argument is of type ‘const char *’
porter.c:234: 警告: passing argument 2 of ‘ends’ discards qualifiers from pointer target type
porter.c:182: note: expected ‘char *’ but argument is of type ‘const char *’
porter.c:234: 警告: passing argument 2 of ‘setto’ discards qualifiers from pointer target type
porter.c:196: note: expected ‘char *’ but argument is of type ‘const char *’
porter.c:237: 警告: passing argument 2 of ‘ends’ discards qualifiers from pointer target type
porter.c:182: note: expected ‘char *’ but argument is of type ‘const char *’
porter.c:238: 警告: passing argument 2 of ‘ends’ discards qualifiers from pointer target type
porter.c:182: note: expected ‘char *’ but argument is of type ‘const char *’
porter.c:238: 警告: passing argument 2 of ‘ends’ discards qualifiers from pointer target type
porter.c:182: note: expected ‘char *’ but argument is of type ‘const char *’
porter.c:240: 警告: passing argument 2 of ‘ends’ discards qualifiers from pointer target type
porter.c:182: note: expected ‘char *’ but argument is of type ‘const char *’
porter.c:240: 警告: passing argument 2 of ‘setto’ discards qualifiers from pointer target type
porter.c:196: note: expected ‘char *’ but argument is of type ‘const char *’
porter.c:241: 警告: passing argument 2 of ‘ends’ discards qualifiers from pointer target type
porter.c:182: note: expected ‘char *’ but argument is of type ‘const char *’
porter.c:241: 警告: passing argument 2 of ‘setto’ discards qualifiers from pointer target type
porter.c:196: note: expected ‘char *’ but argument is of type ‘const char *’
porter.c:242: 警告: passing argument 2 of ‘ends’ discards qualifiers from pointer target type
porter.c:182: note: expected ‘char *’ but argument is of type ‘const char *’
porter.c:242: 警告: passing argument 2 of ‘setto’ discards qualifiers from pointer target type
porter.c:196: note: expected ‘char *’ but argument is of type ‘const char *’
porter.c:249: 警告: passing argument 2 of ‘setto’ discards qualifiers from pointer target type
porter.c:196: note: expected ‘char *’ but argument is of type ‘const char *’
porter.c: In function ‘step1c’:
porter.c:257: 警告: passing argument 2 of ‘ends’ discards qualifiers from pointer target type
porter.c:182: note: expected ‘char *’ but argument is of type ‘const char *’
porter.c: In function ‘step2’:
porter.c:267: 警告: passing argument 2 of ‘ends’ discards qualifiers from pointer target type
porter.c:182: note: expected ‘char *’ but argument is of type ‘const char *’
porter.c:267: 警告: passing argument 2 of ‘r’ discards qualifiers from pointer target type
porter.c:205: note: expected ‘char *’ but argument is of type ‘const char *’
porter.c:268: 警告: passing argument 2 of ‘ends’ discards qualifiers from pointer target type
porter.c:182: note: expected ‘char *’ but argument is of type ‘const char *’
porter.c:268: 警告: passing argument 2 of ‘r’ discards qualifiers from pointer target type
porter.c:205: note: expected ‘char *’ but argument is of type ‘const char *’
porter.c:270: 警告: passing argument 2 of ‘ends’ discards qualifiers from pointer target type
porter.c:182: note: expected ‘char *’ but argument is of type ‘const char *’
porter.c:270: 警告: passing argument 2 of ‘r’ discards qualifiers from pointer target type
porter.c:205: note: expected ‘char *’ but argument is of type ‘const char *’
porter.c:271: 警告: passing argument 2 of ‘ends’ discards qualifiers from pointer target type
porter.c:182: note: expected ‘char *’ but argument is of type ‘const char *’
porter.c:271: 警告: passing argument 2 of ‘r’ discards qualifiers from pointer target type
porter.c:205: note: expected ‘char *’ but argument is of type ‘const char *’
porter.c:273: 警告: passing argument 2 of ‘ends’ discards qualifiers from pointer target type
porter.c:182: note: expected ‘char *’ but argument is of type ‘const char *’
porter.c:273: 警告: passing argument 2 of ‘r’ discards qualifiers from pointer target type
porter.c:205: note: expected ‘char *’ but argument is of type ‘const char *’
porter.c:275: 警告: passing argument 2 of ‘ends’ discards qualifiers from pointer target type
porter.c:182: note: expected ‘char *’ but argument is of type ‘const char *’
porter.c:275: 警告: passing argument 2 of ‘r’ discards qualifiers from pointer target type
porter.c:205: note: expected ‘char *’ but argument is of type ‘const char *’
porter.c:280: 警告: passing argument 2 of ‘ends’ discards qualifiers from pointer target type
porter.c:182: note: expected ‘char *’ but argument is of type ‘const char *’
porter.c:280: 警告: passing argument 2 of ‘r’ discards qualifiers from pointer target type
porter.c:205: note: expected ‘char *’ but argument is of type ‘const char *’
porter.c:281: 警告: passing argument 2 of ‘ends’ discards qualifiers from pointer target type
porter.c:182: note: expected ‘char *’ but argument is of type ‘const char *’
porter.c:281: 警告: passing argument 2 of ‘r’ discards qualifiers from pointer target type
porter.c:205: note: expected ‘char *’ but argument is of type ‘const char *’
porter.c:282: 警告: passing argument 2 of ‘ends’ discards qualifiers from pointer target type
porter.c:182: note: expected ‘char *’ but argument is of type ‘const char *’
porter.c:282: 警告: passing argument 2 of ‘r’ discards qualifiers from pointer target type
porter.c:205: note: expected ‘char *’ but argument is of type ‘const char *’
porter.c:283: 警告: passing argument 2 of ‘ends’ discards qualifiers from pointer target type
porter.c:182: note: expected ‘char *’ but argument is of type ‘const char *’
porter.c:283: 警告: passing argument 2 of ‘r’ discards qualifiers from pointer target type
porter.c:205: note: expected ‘char *’ but argument is of type ‘const char *’
porter.c:285: 警告: passing argument 2 of ‘ends’ discards qualifiers from pointer target type
porter.c:182: note: expected ‘char *’ but argument is of type ‘const char *’
porter.c:285: 警告: passing argument 2 of ‘r’ discards qualifiers from pointer target type
porter.c:205: note: expected ‘char *’ but argument is of type ‘const char *’
porter.c:286: 警告: passing argument 2 of ‘ends’ discards qualifiers from pointer target type
porter.c:182: note: expected ‘char *’ but argument is of type ‘const char *’
porter.c:286: 警告: passing argument 2 of ‘r’ discards qualifiers from pointer target type
porter.c:205: note: expected ‘char *’ but argument is of type ‘const char *’
porter.c:287: 警告: passing argument 2 of ‘ends’ discards qualifiers from pointer target type
porter.c:182: note: expected ‘char *’ but argument is of type ‘const char *’
porter.c:287: 警告: passing argument 2 of ‘r’ discards qualifiers from pointer target type
porter.c:205: note: expected ‘char *’ but argument is of type ‘const char *’
porter.c:289: 警告: passing argument 2 of ‘ends’ discards qualifiers from pointer target type
porter.c:182: note: expected ‘char *’ but argument is of type ‘const char *’
porter.c:289: 警告: passing argument 2 of ‘r’ discards qualifiers from pointer target type
porter.c:205: note: expected ‘char *’ but argument is of type ‘const char *’
porter.c:290: 警告: passing argument 2 of ‘ends’ discards qualifiers from pointer target type
porter.c:182: note: expected ‘char *’ but argument is of type ‘const char *’
porter.c:290: 警告: passing argument 2 of ‘r’ discards qualifiers from pointer target type
porter.c:205: note: expected ‘char *’ but argument is of type ‘const char *’
porter.c:291: 警告: passing argument 2 of ‘ends’ discards qualifiers from pointer target type
porter.c:182: note: expected ‘char *’ but argument is of type ‘const char *’
porter.c:291: 警告: passing argument 2 of ‘r’ discards qualifiers from pointer target type
porter.c:205: note: expected ‘char *’ but argument is of type ‘const char *’
porter.c:292: 警告: passing argument 2 of ‘ends’ discards qualifiers from pointer target type
porter.c:182: note: expected ‘char *’ but argument is of type ‘const char *’
porter.c:292: 警告: passing argument 2 of ‘r’ discards qualifiers from pointer target type
porter.c:205: note: expected ‘char *’ but argument is of type ‘const char *’
porter.c:294: 警告: passing argument 2 of ‘ends’ discards qualifiers from pointer target type
porter.c:182: note: expected ‘char *’ but argument is of type ‘const char *’
porter.c:294: 警告: passing argument 2 of ‘r’ discards qualifiers from pointer target type
porter.c:205: note: expected ‘char *’ but argument is of type ‘const char *’
porter.c:295: 警告: passing argument 2 of ‘ends’ discards qualifiers from pointer target type
porter.c:182: note: expected ‘char *’ but argument is of type ‘const char *’
porter.c:295: 警告: passing argument 2 of ‘r’ discards qualifiers from pointer target type
porter.c:205: note: expected ‘char *’ but argument is of type ‘const char *’
porter.c:296: 警告: passing argument 2 of ‘ends’ discards qualifiers from pointer target type
porter.c:182: note: expected ‘char *’ but argument is of type ‘const char *’
porter.c:296: 警告: passing argument 2 of ‘r’ discards qualifiers from pointer target type
porter.c:205: note: expected ‘char *’ but argument is of type ‘const char *’
porter.c:298: 警告: passing argument 2 of ‘ends’ discards qualifiers from pointer target type
porter.c:182: note: expected ‘char *’ but argument is of type ‘const char *’
porter.c:298: 警告: passing argument 2 of ‘r’ discards qualifiers from pointer target type
porter.c:205: note: expected ‘char *’ but argument is of type ‘const char *’
porter.c: In function ‘step3’:
porter.c:308: 警告: passing argument 2 of ‘ends’ discards qualifiers from pointer target type
porter.c:182: note: expected ‘char *’ but argument is of type ‘const char *’
porter.c:308: 警告: passing argument 2 of ‘r’ discards qualifiers from pointer target type
porter.c:205: note: expected ‘char *’ but argument is of type ‘const char *’
porter.c:309: 警告: passing argument 2 of ‘ends’ discards qualifiers from pointer target type
porter.c:182: note: expected ‘char *’ but argument is of type ‘const char *’
porter.c:309: 警告: passing argument 2 of ‘r’ discards qualifiers from pointer target type
porter.c:205: note: expected ‘char *’ but argument is of type ‘const char *’
porter.c:310: 警告: passing argument 2 of ‘ends’ discards qualifiers from pointer target type
porter.c:182: note: expected ‘char *’ but argument is of type ‘const char *’
porter.c:310: 警告: passing argument 2 of ‘r’ discards qualifiers from pointer target type
porter.c:205: note: expected ‘char *’ but argument is of type ‘const char *’
porter.c:312: 警告: passing argument 2 of ‘ends’ discards qualifiers from pointer target type
porter.c:182: note: expected ‘char *’ but argument is of type ‘const char *’
porter.c:312: 警告: passing argument 2 of ‘r’ discards qualifiers from pointer target type
porter.c:205: note: expected ‘char *’ but argument is of type ‘const char *’
porter.c:314: 警告: passing argument 2 of ‘ends’ discards qualifiers from pointer target type
porter.c:182: note: expected ‘char *’ but argument is of type ‘const char *’
porter.c:314: 警告: passing argument 2 of ‘r’ discards qualifiers from pointer target type
porter.c:205: note: expected ‘char *’ but argument is of type ‘const char *’
porter.c:315: 警告: passing argument 2 of ‘ends’ discards qualifiers from pointer target type
porter.c:182: note: expected ‘char *’ but argument is of type ‘const char *’
porter.c:315: 警告: passing argument 2 of ‘r’ discards qualifiers from pointer target type
porter.c:205: note: expected ‘char *’ but argument is of type ‘const char *’
porter.c:317: 警告: passing argument 2 of ‘ends’ discards qualifiers from pointer target type
porter.c:182: note: expected ‘char *’ but argument is of type ‘const char *’
porter.c:317: 警告: passing argument 2 of ‘r’ discards qualifiers from pointer target type
porter.c:205: note: expected ‘char *’ but argument is of type ‘const char *’
porter.c: In function ‘step4’:
porter.c:325: 警告: passing argument 2 of ‘ends’ discards qualifiers from pointer target type
porter.c:182: note: expected ‘char *’ but argument is of type ‘const char *’
porter.c:326: 警告: passing argument 2 of ‘ends’ discards qualifiers from pointer target type
porter.c:182: note: expected ‘char *’ but argument is of type ‘const char *’
porter.c:327: 警告: passing argument 2 of ‘ends’ discards qualifiers from pointer target type
porter.c:182: note: expected ‘char *’ but argument is of type ‘const char *’
porter.c:328: 警告: passing argument 2 of ‘ends’ discards qualifiers from pointer target type
porter.c:182: note: expected ‘char *’ but argument is of type ‘const char *’
porter.c:329: 警告: passing argument 2 of ‘ends’ discards qualifiers from pointer target type
porter.c:182: note: expected ‘char *’ but argument is of type ‘const char *’
porter.c:330: 警告: passing argument 2 of ‘ends’ discards qualifiers from pointer target type
porter.c:182: note: expected ‘char *’ but argument is of type ‘const char *’
porter.c:331: 警告: passing argument 2 of ‘ends’ discards qualifiers from pointer target type
porter.c:182: note: expected ‘char *’ but argument is of type ‘const char *’
porter.c:332: 警告: passing argument 2 of ‘ends’ discards qualifiers from pointer target type
porter.c:182: note: expected ‘char *’ but argument is of type ‘const char *’
porter.c:333: 警告: passing argument 2 of ‘ends’ discards qualifiers from pointer target type
porter.c:182: note: expected ‘char *’ but argument is of type ‘const char *’
porter.c:334: 警告: passing argument 2 of ‘ends’ discards qualifiers from pointer target type
porter.c:182: note: expected ‘char *’ but argument is of type ‘const char *’
porter.c:335: 警告: passing argument 2 of ‘ends’ discards qualifiers from pointer target type
porter.c:182: note: expected ‘char *’ but argument is of type ‘const char *’
porter.c:336: 警告: passing argument 2 of ‘ends’ discards qualifiers from pointer target type
porter.c:182: note: expected ‘char *’ but argument is of type ‘const char *’
porter.c:337: 警告: passing argument 2 of ‘ends’ discards qualifiers from pointer target type
porter.c:182: note: expected ‘char *’ but argument is of type ‘const char *’
porter.c:339: 警告: passing argument 2 of ‘ends’ discards qualifiers from pointer target type
porter.c:182: note: expected ‘char *’ but argument is of type ‘const char *’
porter.c:340: 警告: passing argument 2 of ‘ends’ discards qualifiers from pointer target type
porter.c:182: note: expected ‘char *’ but argument is of type ‘const char *’
porter.c:341: 警告: passing argument 2 of ‘ends’ discards qualifiers from pointer target type
porter.c:182: note: expected ‘char *’ but argument is of type ‘const char *’
porter.c:342: 警告: passing argument 2 of ‘ends’ discards qualifiers from pointer target type
porter.c:182: note: expected ‘char *’ but argument is of type ‘const char *’
porter.c:343: 警告: passing argument 2 of ‘ends’ discards qualifiers from pointer target type
porter.c:182: note: expected ‘char *’ but argument is of type ‘const char *’
porter.c:344: 警告: passing argument 2 of ‘ends’ discards qualifiers from pointer target type
porter.c:182: note: expected ‘char *’ but argument is of type ‘const char *’
linking shared-object stemmer.so

current directory: /home/vagrant/sachool-engineering-blog/vender/bundle/ruby/2.3.0/gems/fast-stemmer-1.0.2/ext
make "DESTDIR=" install
/usr/bin/install -c -m 0755 stemmer.so ./.gem.20160602-3724-1u9a81q
