current directory: /home/vagrant/sachool-engineering-blog/vender/bundle/ruby/2.3.0/gems/ffi-1.9.10/ext/ffi_c
/home/vagrant/.rbenv/versions/2.3.0/bin/ruby -r ./siteconf20160602-3724-1suv0zx.rb extconf.rb
checking for ffi_call() in -lffi... yes
checking for ffi_prep_closure()... yes
checking for ffi_raw_call()... yes
checking for ffi_prep_raw_closure()... yes
checking for rb_thread_blocking_region()... no
checking for rb_thread_call_with_gvl()... yes
checking for rb_thread_call_without_gvl()... yes
checking for ffi_prep_cif_var()... no
creating extconf.h
creating Makefile

To see why this extension failed to compile, please check the mkmf.log which can be found here:

  /home/vagrant/sachool-engineering-blog/vender/bundle/ruby/2.3.0/extensions/x86_64-linux/2.3.0-static/ffi-1.9.10/mkmf.log

current directory: /home/vagrant/sachool-engineering-blog/vender/bundle/ruby/2.3.0/gems/ffi-1.9.10/ext/ffi_c
make "DESTDIR=" clean

current directory: /home/vagrant/sachool-engineering-blog/vender/bundle/ruby/2.3.0/gems/ffi-1.9.10/ext/ffi_c
make "DESTDIR="
compiling DataConverter.c
compiling Call.c
compiling StructByValue.c
compiling FunctionInfo.c
compiling MethodHandle.c
compiling ffi.c
compiling ArrayType.c
compiling Platform.c
compiling MappedType.c
compiling DynamicLibrary.c
compiling Pointer.c
compiling Function.c
compiling Type.c
compiling Types.c
compiling Variadic.c
compiling MemoryPointer.c
compiling LongDouble.c
compiling AbstractMemory.c
compiling ClosurePool.c
compiling LastError.c
compiling Struct.c
compiling StructLayout.c
compiling Buffer.c
compiling StructByReference.c
compiling Thread.c
linking shared-object ffi_c.so

current directory: /home/vagrant/sachool-engineering-blog/vender/bundle/ruby/2.3.0/gems/ffi-1.9.10/ext/ffi_c
make "DESTDIR=" install
/usr/bin/install -c -m 0755 ffi_c.so ./.gem.20160602-3724-1z0ctvr
