current directory: /home/vagrant/sachool-engineering-blog/vender/bundle/ruby/2.3.0/gems/RedCloth-4.2.9/ext/redcloth_scan
/home/vagrant/.rbenv/versions/2.3.0/bin/ruby -r ./siteconf20160602-3724-x9fmb7.rb extconf.rb
checking for main() in -lc... yes
creating Makefile

To see why this extension failed to compile, please check the mkmf.log which can be found here:

  /home/vagrant/sachool-engineering-blog/vender/bundle/ruby/2.3.0/extensions/x86_64-linux/2.3.0-static/RedCloth-4.2.9/mkmf.log

current directory: /home/vagrant/sachool-engineering-blog/vender/bundle/ruby/2.3.0/gems/RedCloth-4.2.9/ext/redcloth_scan
make "DESTDIR=" clean

current directory: /home/vagrant/sachool-engineering-blog/vender/bundle/ruby/2.3.0/gems/RedCloth-4.2.9/ext/redcloth_scan
make "DESTDIR="
compiling redcloth_scan.c
ragel/redcloth_scan.c.rl: In function ‘redcloth_transform’:
ragel/redcloth_scan.c.rl:43: 警告: ISO C90 forbids mixed declarations and code
ragel/redcloth_scan.c.rl:47: 警告: ISO C90 forbids mixed declarations and code
ragel/redcloth_scan.rl:138: 警告: ISO C90 forbids mixed declarations and code
ragel/redcloth_scan.rl:138: 警告: ISO C90 forbids mixed declarations and code
NONE:9: 警告: ISO C90 forbids mixed declarations and code
NONE:9: 警告: ISO C90 forbids mixed declarations and code
ragel/redcloth_scan.rl:154: 警告: ISO C90 forbids mixed declarations and code
ragel/redcloth_scan.rl:154: 警告: ISO C90 forbids mixed declarations and code
ragel/redcloth_scan.rl:153: 警告: ISO C90 forbids mixed declarations and code
ragel/redcloth_scan.rl:153: 警告: ISO C90 forbids mixed declarations and code
ragel/redcloth_scan.rl:154: 警告: ISO C90 forbids mixed declarations and code
ragel/redcloth_scan.rl:154: 警告: ISO C90 forbids mixed declarations and code
NONE:3: 警告: ISO C90 forbids mixed declarations and code
NONE:3: 警告: ISO C90 forbids mixed declarations and code
ragel/redcloth_scan.rl:180: 警告: ISO C90 forbids mixed declarations and code
ragel/redcloth_scan.rl:180: 警告: ISO C90 forbids mixed declarations and code
NONE:21: 警告: ISO C90 forbids mixed declarations and code
NONE:21: 警告: ISO C90 forbids mixed declarations and code
ragel/redcloth_scan.c.rl: In function ‘redcloth_html_esc’:
ragel/redcloth_scan.c.rl:87: 警告: ISO C90 forbids mixed declarations and code
ragel/redcloth_scan.c.rl:96: 警告: ISO C90 forbids mixed declarations and code
ragel/redcloth_scan.c.rl: In function ‘redcloth_latex_esc’:
ragel/redcloth_scan.c.rl:156: 警告: ISO C90 forbids mixed declarations and code
ragel/redcloth_scan.c.rl:185: 警告: ISO C90 forbids mixed declarations and code
ragel/redcloth_scan.c.rl: In function ‘redcloth_to’:
ragel/redcloth_scan.c.rl:207: 警告: ISO C90 forbids mixed declarations and code
compiling redcloth_inline.c
ragel/redcloth_inline.c.rl: In function ‘red_parse_title’:
ragel/redcloth_inline.c.rl:69: 警告: ISO C90 forbids mixed declarations and code
ragel/redcloth_inline.c.rl: In function ‘red_block’:
ragel/redcloth_inline.c.rl:100: 警告: ISO C90 forbids mixed declarations and code
compiling redcloth_attributes.c
ragel/redcloth_attributes.c.rl: In function ‘redcloth_attributes’:
ragel/redcloth_attributes.c.rl:46: 警告: ISO C90 forbids mixed declarations and code
ragel/redcloth_attributes.c.rl: In function ‘redcloth_link_attributes’:
ragel/redcloth_attributes.c.rl:55: 警告: ISO C90 forbids mixed declarations and code
linking shared-object redcloth_scan.so

current directory: /home/vagrant/sachool-engineering-blog/vender/bundle/ruby/2.3.0/gems/RedCloth-4.2.9/ext/redcloth_scan
make "DESTDIR=" install
/usr/bin/install -c -m 0755 redcloth_scan.so ./.gem.20160602-3724-1d64xqa
