current directory: /home/vagrant/sachool-engineering-blog/vender/bundle/ruby/2.3.0/gems/yajl-ruby-1.2.1/ext/yajl
/home/vagrant/.rbenv/versions/2.3.0/bin/ruby -r ./siteconf20160602-3724-jdhz7u.rb extconf.rb
creating Makefile

current directory: /home/vagrant/sachool-engineering-blog/vender/bundle/ruby/2.3.0/gems/yajl-ruby-1.2.1/ext/yajl
make "DESTDIR=" clean

current directory: /home/vagrant/sachool-engineering-blog/vender/bundle/ruby/2.3.0/gems/yajl-ruby-1.2.1/ext/yajl
make "DESTDIR="
compiling yajl_encode.c
compiling yajl_parser.c
compiling yajl.c
compiling yajl_ext.c
compiling yajl_lex.c
compiling yajl_gen.c
compiling yajl_alloc.c
compiling yajl_buf.c
compiling yajl_version.c
linking shared-object yajl/yajl.so

current directory: /home/vagrant/sachool-engineering-blog/vender/bundle/ruby/2.3.0/gems/yajl-ruby-1.2.1/ext/yajl
make "DESTDIR=" install
/usr/bin/install -c -m 0755 yajl.so ./.gem.20160602-3724-1rz0qcv/yajl
